<?xml version="1.0" encoding="UTF-8"?>
<!-- Generated by org.testng.reporters.JUnitReportReporter -->
<testsuite hostname="LXR1850" failures="0" tests="1" name="com.qa.iNetBanking.testCases.TC_LoginPage_001" time="0.585" errors="0" timestamp="2021-08-17T11:39:19 EDT" skipped="0">
  <testcase classname="com.qa.iNetBanking.testCases.TC_LoginPage_001" name="LoginTest" time="0.585"/>
  <system-out/>
</testsuite> <!-- com.qa.iNetBanking.testCases.TC_LoginPage_001 -->
