<?xml version="1.0" encoding="UTF-8"?>
<!-- Generated by org.testng.reporters.JUnitReportReporter -->
<testsuite skipped="0" hostname="LXR1850" name="com.qa.iNetBanking.testCases.TC_LoginPage_001" tests="1" failures="0" timestamp="2021-08-17T14:12:13 EDT" time="0.704" errors="0">
  <testcase name="LoginTest" time="0.704" classname="com.qa.iNetBanking.testCases.TC_LoginPage_001"/>
  <system-out/>
</testsuite> <!-- com.qa.iNetBanking.testCases.TC_LoginPage_001 -->
